<?xml version="1.0" encoding="UTF-8"?>
<testsuite name="ArrayUtilsTest" tests="10" skipped="0" failures="0" errors="0" timestamp="2024-04-01T20:02:30" hostname="My-MacBook-Pro.local" time="0.12">
  <properties/>
  <testcase name="testCountOf_TargetInArray()" classname="ArrayUtilsTest" time="0.044"/>
  <testcase name="testCountOf_EmptyArray()" classname="ArrayUtilsTest" time="0.002"/>
  <testcase name="testCountOf_TargetNotInArray()" classname="ArrayUtilsTest" time="0.001"/>
  <testcase name="testFindLastNull()" classname="ArrayUtilsTest" time="0.005"/>
  <testcase name="testFindLastEmpty()" classname="ArrayUtilsTest" time="0.006"/>
  <testcase name="testOddOrPositiveBothPositivesAndNegatives()" classname="ArrayUtilsTest" time="0.002"/>
  <testcase name="testFindLastNonExistent()" classname="ArrayUtilsTest" time="0.003"/>
  <testcase name="testOddOrPosAllPositives()" classname="ArrayUtilsTest" time="0.014"/>
  <testcase name="testOddOrPosNull()" classname="ArrayUtilsTest" time="0.003"/>
  <testcase name="testFindLastExistsFirstElement()" classname="ArrayUtilsTest" time="0.006"/>
  <system-out><![CDATA[]]></system-out>
  <system-err><![CDATA[]]></system-err>
</testsuite>
